<?xml version="1.0" encoding="UTF-8"?>
<!-- Generated by org.testng.reporters.JUnitXMLReporter -->
<testsuite hostname="MoRizk" ignored="1" name="Test" tests="3" failures="1" timestamp="08 Apr 2019 23:34:05 GMT" time="1.246" errors="0">
  <testcase name="open_registeration_page" time="0.789" classname="tests.RegisterationTestCase"/>
  <testcase name="add_data_to_excel" time="0.424" classname="tests.RegisterationTestCase"/>
  <testcase name="RegisterNewUserWithCorrectCredentialWithExcel" time="0.015" classname="tests.RegisterationTestCase">
    <failure type="org.testng.internal.reflect.MethodMatcherException" message="
Data provider mismatch
Method: RegisterNewUserWithCorrectCredentialWithExcel([Parameter{index=0, type=java.lang.String, declaredAnnotations=[]}, Parameter{index=1, type=java.lang.String, declaredAnnotations=[]}, Parameter{index=2, type=java.lang.String, declaredAnnotations=[]}, Parameter{index=3, type=java.lang.String, declaredAnnotations=[]}, Parameter{index=4, type=java.lang.String, declaredAnnotations=[]}, Parameter{index=5, type=java.lang.String, declaredAnnotations=[]}, Parameter{index=6, type=java.lang.String, declaredAnnotations=[]}, Parameter{index=7, type=java.lang.String, declaredAnnotations=[]}, Parameter{index=8, type=java.lang.String, declaredAnnotations=[]}])
Arguments: [(java.lang.String) gender,(java.lang.String) first_name,(java.lang.String) Last_name,(java.lang.String) theDay]">
      <![CDATA[org.testng.internal.reflect.MethodMatcherException: 
Data provider mismatch
Method: RegisterNewUserWithCorrectCredentialWithExcel([Parameter{index=0, type=java.lang.String, declaredAnnotations=[]}, Parameter{index=1, type=java.lang.String, declaredAnnotations=[]}, Parameter{index=2, type=java.lang.String, declaredAnnotations=[]}, Parameter{index=3, type=java.lang.String, declaredAnnotations=[]}, Parameter{index=4, type=java.lang.String, declaredAnnotations=[]}, Parameter{index=5, type=java.lang.String, declaredAnnotations=[]}, Parameter{index=6, type=java.lang.String, declaredAnnotations=[]}, Parameter{index=7, type=java.lang.String, declaredAnnotations=[]}, Parameter{index=8, type=java.lang.String, declaredAnnotations=[]}])
Arguments: [(java.lang.String) gender,(java.lang.String) first_name,(java.lang.String) Last_name,(java.lang.String) theDay]
... Removed 20 stack frames]]>
    </failure>
  </testcase> <!-- RegisterNewUserWithCorrectCredentialWithExcel -->
  <testcase name="RegisterNewUserWithCorrectcredential" time="0.0" classname="tests.RegisterationTestCase">
    <ignored/>
  </testcase> <!-- RegisterNewUserWithCorrectcredential -->
</testsuite> <!-- Test -->
